<?xml version="1.0" encoding="UTF-8"?>
<testsuite xmlns:xsi="http://www.w3.org/2001/XMLSchema-instance" xsi:noNamespaceSchemaLocation="https://maven.apache.org/surefire/maven-surefire-plugin/xsd/surefire-test-report-3.0.xsd" version="3.0" name="com.mercadolibre.project_be_java_hisp_w26_team4.unit.ScopeUtilsTest" time="0.698" tests="7" errors="0" skipped="0" failures="0">
  <properties>
    <property name="java.specification.version" value="17"/>
    <property name="sun.jnu.encoding" value="UTF-8"/>
    <property name="java.class.path" value="/Users/vaaquino/.m2/repository/org/apache/maven/surefire/surefire-booter/3.2.5/surefire-booter-3.2.5.jar:/Users/vaaquino/.m2/repository/org/apache/maven/surefire/surefire-api/3.2.5/surefire-api-3.2.5.jar:/Users/vaaquino/.m2/repository/org/apache/maven/surefire/surefire-logger-api/3.2.5/surefire-logger-api-3.2.5.jar:/Users/vaaquino/.m2/repository/org/apache/maven/surefire/surefire-shared-utils/3.2.5/surefire-shared-utils-3.2.5.jar:/Users/vaaquino/.m2/repository/org/apache/maven/surefire/surefire-extensions-spi/3.2.5/surefire-extensions-spi-3.2.5.jar:/Users/vaaquino/Documents/Code/fury/project-be-java-hisp-w26-team4/target/test-classes:/Users/vaaquino/Documents/Code/fury/project-be-java-hisp-w26-team4/target/classes:/Users/vaaquino/.m2/repository/com/mercadolibre/metrics/metrics-core/1.0.1/metrics-core-1.0.1.jar:/Users/vaaquino/.m2/repository/org/apache/commons/commons-lang3/3.13.0/commons-lang3-3.13.0.jar:/Users/vaaquino/.m2/repository/com/mercadolibre/metrics/datadog-metric-wrapper/1.0.1/datadog-metric-wrapper-1.0.1.jar:/Users/vaaquino/.m2/repository/fury/java/metric_collector/0.3.1/metric_collector-0.3.1.jar:/Users/vaaquino/.m2/repository/com/datadoghq/java-dogstatsd-client/2.13.0/java-dogstatsd-client-2.13.0.jar:/Users/vaaquino/.m2/repository/javadog/javadog/0.1.3/javadog-0.1.3.jar:/Users/vaaquino/.m2/repository/com/github/jnr/jnr-unixsocket/0.38.21/jnr-unixsocket-0.38.21.jar:/Users/vaaquino/.m2/repository/com/github/jnr/jnr-ffi/2.2.15/jnr-ffi-2.2.15.jar:/Users/vaaquino/.m2/repository/com/github/jnr/jffi/1.3.12/jffi-1.3.12.jar:/Users/vaaquino/.m2/repository/com/github/jnr/jffi/1.3.12/jffi-1.3.12-native.jar:/Users/vaaquino/.m2/repository/org/ow2/asm/asm/9.6/asm-9.6.jar:/Users/vaaquino/.m2/repository/org/ow2/asm/asm-commons/9.6/asm-commons-9.6.jar:/Users/vaaquino/.m2/repository/org/ow2/asm/asm-analysis/9.6/asm-analysis-9.6.jar:/Users/vaaquino/.m2/repository/org/ow2/asm/asm-tree/9.6/asm-tree-9.6.jar:/Users/vaaquino/.m2/repository/org/ow2/asm/asm-util/9.6/asm-util-9.6.jar:/Users/vaaquino/.m2/repository/com/github/jnr/jnr-a64asm/1.0.0/jnr-a64asm-1.0.0.jar:/Users/vaaquino/.m2/repository/com/github/jnr/jnr-x86asm/1.0.2/jnr-x86asm-1.0.2.jar:/Users/vaaquino/.m2/repository/com/github/jnr/jnr-constants/0.10.4/jnr-constants-0.10.4.jar:/Users/vaaquino/.m2/repository/com/github/jnr/jnr-enxio/0.32.16/jnr-enxio-0.32.16.jar:/Users/vaaquino/.m2/repository/com/github/jnr/jnr-posix/3.1.18/jnr-posix-3.1.18.jar:/Users/vaaquino/.m2/repository/com/mercadolibre/threading/1.0.0/threading-1.0.0.jar:/Users/vaaquino/.m2/repository/com/mercadolibre/routing/3.0.0/routing-3.0.0.jar:/Users/vaaquino/.m2/repository/com/mercadolibre/restclient/meli-restclient-context/2.0.0/meli-restclient-context-2.0.0.jar:/Users/vaaquino/.m2/repository/com/mercadolibre/json_jackson/json-jackson/2.0.0/json-jackson-2.0.0.jar:/Users/vaaquino/.m2/repository/com/mercadolibre/json/json-core/2.0.0/json-core-2.0.0.jar:/Users/vaaquino/.m2/repository/com/fasterxml/jackson/core/jackson-databind/2.15.4/jackson-databind-2.15.4.jar:/Users/vaaquino/.m2/repository/com/fasterxml/jackson/module/jackson-module-afterburner/2.15.4/jackson-module-afterburner-2.15.4.jar:/Users/vaaquino/.m2/repository/commons-lang/commons-lang/2.6/commons-lang-2.6.jar:/Users/vaaquino/.m2/repository/org/slf4j/slf4j-api/2.0.12/slf4j-api-2.0.12.jar:/Users/vaaquino/.m2/repository/com/mysql/mysql-connector-j/8.0.32/mysql-connector-j-8.0.32.jar:/Users/vaaquino/.m2/repository/org/springframework/boot/spring-boot-starter-data-jpa/3.2.3/spring-boot-starter-data-jpa-3.2.3.jar:/Users/vaaquino/.m2/repository/org/springframework/boot/spring-boot-starter-aop/3.2.3/spring-boot-starter-aop-3.2.3.jar:/Users/vaaquino/.m2/repository/org/aspectj/aspectjweaver/1.9.21/aspectjweaver-1.9.21.jar:/Users/vaaquino/.m2/repository/org/springframework/boot/spring-boot-starter-jdbc/3.2.3/spring-boot-starter-jdbc-3.2.3.jar:/Users/vaaquino/.m2/repository/com/zaxxer/HikariCP/5.0.1/HikariCP-5.0.1.jar:/Users/vaaquino/.m2/repository/org/springframework/spring-jdbc/6.1.4/spring-jdbc-6.1.4.jar:/Users/vaaquino/.m2/repository/org/hibernate/orm/hibernate-core/6.4.4.Final/hibernate-core-6.4.4.Final.jar:/Users/vaaquino/.m2/repository/jakarta/persistence/jakarta.persistence-api/3.1.0/jakarta.persistence-api-3.1.0.jar:/Users/vaaquino/.m2/repository/jakarta/transaction/jakarta.transaction-api/2.0.1/jakarta.transaction-api-2.0.1.jar:/Users/vaaquino/.m2/repository/org/jboss/logging/jboss-logging/3.5.3.Final/jboss-logging-3.5.3.Final.jar:/Users/vaaquino/.m2/repository/org/hibernate/common/hibernate-commons-annotations/6.0.6.Final/hibernate-commons-annotations-6.0.6.Final.jar:/Users/vaaquino/.m2/repository/io/smallrye/jandex/3.1.2/jandex-3.1.2.jar:/Users/vaaquino/.m2/repository/com/fasterxml/classmate/1.6.0/classmate-1.6.0.jar:/Users/vaaquino/.m2/repository/net/bytebuddy/byte-buddy/1.14.12/byte-buddy-1.14.12.jar:/Users/vaaquino/.m2/repository/org/glassfish/jaxb/jaxb-runtime/4.0.4/jaxb-runtime-4.0.4.jar:/Users/vaaquino/.m2/repository/org/glassfish/jaxb/jaxb-core/4.0.4/jaxb-core-4.0.4.jar:/Users/vaaquino/.m2/repository/org/eclipse/angus/angus-activation/2.0.1/angus-activation-2.0.1.jar:/Users/vaaquino/.m2/repository/org/glassfish/jaxb/txw2/4.0.4/txw2-4.0.4.jar:/Users/vaaquino/.m2/repository/com/sun/istack/istack-commons-runtime/4.1.2/istack-commons-runtime-4.1.2.jar:/Users/vaaquino/.m2/repository/jakarta/inject/jakarta.inject-api/2.0.1/jakarta.inject-api-2.0.1.jar:/Users/vaaquino/.m2/repository/org/antlr/antlr4-runtime/4.13.0/antlr4-runtime-4.13.0.jar:/Users/vaaquino/.m2/repository/org/springframework/data/spring-data-jpa/3.2.3/spring-data-jpa-3.2.3.jar:/Users/vaaquino/.m2/repository/org/springframework/data/spring-data-commons/3.2.3/spring-data-commons-3.2.3.jar:/Users/vaaquino/.m2/repository/org/springframework/spring-orm/6.1.4/spring-orm-6.1.4.jar:/Users/vaaquino/.m2/repository/org/springframework/spring-context/6.1.4/spring-context-6.1.4.jar:/Users/vaaquino/.m2/repository/org/springframework/spring-tx/6.1.4/spring-tx-6.1.4.jar:/Users/vaaquino/.m2/repository/org/springframework/spring-beans/6.1.4/spring-beans-6.1.4.jar:/Users/vaaquino/.m2/repository/jakarta/annotation/jakarta.annotation-api/2.1.1/jakarta.annotation-api-2.1.1.jar:/Users/vaaquino/.m2/repository/org/springframework/spring-aspects/6.1.4/spring-aspects-6.1.4.jar:/Users/vaaquino/.m2/repository/com/h2database/h2/2.2.224/h2-2.2.224.jar:/Users/vaaquino/.m2/repository/org/projectlombok/lombok/1.18.30/lombok-1.18.30.jar:/Users/vaaquino/.m2/repository/com/fasterxml/jackson/datatype/jackson-datatype-jsr310/2.15.4/jackson-datatype-jsr310-2.15.4.jar:/Users/vaaquino/.m2/repository/com/fasterxml/jackson/core/jackson-annotations/2.15.4/jackson-annotations-2.15.4.jar:/Users/vaaquino/.m2/repository/com/fasterxml/jackson/core/jackson-core/2.15.4/jackson-core-2.15.4.jar:/Users/vaaquino/.m2/repository/org/springframework/boot/spring-boot-starter-security/3.2.3/spring-boot-starter-security-3.2.3.jar:/Users/vaaquino/.m2/repository/org/springframework/boot/spring-boot-starter/3.2.3/spring-boot-starter-3.2.3.jar:/Users/vaaquino/.m2/repository/org/springframework/boot/spring-boot/3.2.3/spring-boot-3.2.3.jar:/Users/vaaquino/.m2/repository/org/springframework/boot/spring-boot-autoconfigure/3.2.3/spring-boot-autoconfigure-3.2.3.jar:/Users/vaaquino/.m2/repository/org/springframework/boot/spring-boot-starter-logging/3.2.3/spring-boot-starter-logging-3.2.3.jar:/Users/vaaquino/.m2/repository/ch/qos/logback/logback-classic/1.4.14/logback-classic-1.4.14.jar:/Users/vaaquino/.m2/repository/ch/qos/logback/logback-core/1.4.14/logback-core-1.4.14.jar:/Users/vaaquino/.m2/repository/org/apache/logging/log4j/log4j-to-slf4j/2.21.1/log4j-to-slf4j-2.21.1.jar:/Users/vaaquino/.m2/repository/org/apache/logging/log4j/log4j-api/2.21.1/log4j-api-2.21.1.jar:/Users/vaaquino/.m2/repository/org/slf4j/jul-to-slf4j/2.0.12/jul-to-slf4j-2.0.12.jar:/Users/vaaquino/.m2/repository/org/yaml/snakeyaml/2.2/snakeyaml-2.2.jar:/Users/vaaquino/.m2/repository/org/springframework/spring-aop/6.1.4/spring-aop-6.1.4.jar:/Users/vaaquino/.m2/repository/org/springframework/security/spring-security-config/6.2.2/spring-security-config-6.2.2.jar:/Users/vaaquino/.m2/repository/org/springframework/security/spring-security-core/6.2.2/spring-security-core-6.2.2.jar:/Users/vaaquino/.m2/repository/org/springframework/security/spring-security-crypto/6.2.2/spring-security-crypto-6.2.2.jar:/Users/vaaquino/.m2/repository/org/springframework/security/spring-security-web/6.2.2/spring-security-web-6.2.2.jar:/Users/vaaquino/.m2/repository/org/springframework/spring-expression/6.1.4/spring-expression-6.1.4.jar:/Users/vaaquino/.m2/repository/io/jsonwebtoken/jjwt-api/0.11.5/jjwt-api-0.11.5.jar:/Users/vaaquino/.m2/repository/io/jsonwebtoken/jjwt-impl/0.11.5/jjwt-impl-0.11.5.jar:/Users/vaaquino/.m2/repository/io/jsonwebtoken/jjwt-jackson/0.11.5/jjwt-jackson-0.11.5.jar:/Users/vaaquino/.m2/repository/org/springframework/boot/spring-boot-starter-web/3.2.3/spring-boot-starter-web-3.2.3.jar:/Users/vaaquino/.m2/repository/org/springframework/boot/spring-boot-starter-json/3.2.3/spring-boot-starter-json-3.2.3.jar:/Users/vaaquino/.m2/repository/com/fasterxml/jackson/datatype/jackson-datatype-jdk8/2.15.4/jackson-datatype-jdk8-2.15.4.jar:/Users/vaaquino/.m2/repository/com/fasterxml/jackson/module/jackson-module-parameter-names/2.15.4/jackson-module-parameter-names-2.15.4.jar:/Users/vaaquino/.m2/repository/org/springframework/spring-web/6.1.4/spring-web-6.1.4.jar:/Users/vaaquino/.m2/repository/io/micrometer/micrometer-observation/1.12.3/micrometer-observation-1.12.3.jar:/Users/vaaquino/.m2/repository/io/micrometer/micrometer-commons/1.12.3/micrometer-commons-1.12.3.jar:/Users/vaaquino/.m2/repository/org/springframework/spring-webmvc/6.1.4/spring-webmvc-6.1.4.jar:/Users/vaaquino/.m2/repository/org/springframework/boot/spring-boot-starter-jetty/3.2.3/spring-boot-starter-jetty-3.2.3.jar:/Users/vaaquino/.m2/repository/jakarta/servlet/jakarta.servlet-api/6.0.0/jakarta.servlet-api-6.0.0.jar:/Users/vaaquino/.m2/repository/jakarta/websocket/jakarta.websocket-api/2.1.1/jakarta.websocket-api-2.1.1.jar:/Users/vaaquino/.m2/repository/jakarta/websocket/jakarta.websocket-client-api/2.1.1/jakarta.websocket-client-api-2.1.1.jar:/Users/vaaquino/.m2/repository/org/apache/tomcat/embed/tomcat-embed-el/10.1.19/tomcat-embed-el-10.1.19.jar:/Users/vaaquino/.m2/repository/org/eclipse/jetty/ee10/jetty-ee10-servlets/12.0.6/jetty-ee10-servlets-12.0.6.jar:/Users/vaaquino/.m2/repository/org/eclipse/jetty/jetty-http/12.0.6/jetty-http-12.0.6.jar:/Users/vaaquino/.m2/repository/org/eclipse/jetty/jetty-io/12.0.6/jetty-io-12.0.6.jar:/Users/vaaquino/.m2/repository/org/eclipse/jetty/jetty-util/12.0.6/jetty-util-12.0.6.jar:/Users/vaaquino/.m2/repository/org/eclipse/jetty/ee10/jetty-ee10-webapp/12.0.6/jetty-ee10-webapp-12.0.6.jar:/Users/vaaquino/.m2/repository/org/eclipse/jetty/jetty-session/12.0.6/jetty-session-12.0.6.jar:/Users/vaaquino/.m2/repository/org/eclipse/jetty/jetty-server/12.0.6/jetty-server-12.0.6.jar:/Users/vaaquino/.m2/repository/org/eclipse/jetty/jetty-xml/12.0.6/jetty-xml-12.0.6.jar:/Users/vaaquino/.m2/repository/org/eclipse/jetty/ee10/jetty-ee10-servlet/12.0.6/jetty-ee10-servlet-12.0.6.jar:/Users/vaaquino/.m2/repository/org/eclipse/jetty/jetty-security/12.0.6/jetty-security-12.0.6.jar:/Users/vaaquino/.m2/repository/org/eclipse/jetty/ee10/websocket/jetty-ee10-websocket-jakarta-server/12.0.6/jetty-ee10-websocket-jakarta-server-12.0.6.jar:/Users/vaaquino/.m2/repository/org/eclipse/jetty/ee10/jetty-ee10-annotations/12.0.6/jetty-ee10-annotations-12.0.6.jar:/Users/vaaquino/.m2/repository/org/eclipse/jetty/ee10/jetty-ee10-plus/12.0.6/jetty-ee10-plus-12.0.6.jar:/Users/vaaquino/.m2/repository/org/eclipse/jetty/jetty-jndi/12.0.6/jetty-jndi-12.0.6.jar:/Users/vaaquino/.m2/repository/org/eclipse/jetty/jetty-plus/12.0.6/jetty-plus-12.0.6.jar:/Users/vaaquino/.m2/repository/org/eclipse/jetty/ee10/websocket/jetty-ee10-websocket-jakarta-client/12.0.6/jetty-ee10-websocket-jakarta-client-12.0.6.jar:/Users/vaaquino/.m2/repository/org/eclipse/jetty/jetty-client/12.0.6/jetty-client-12.0.6.jar:/Users/vaaquino/.m2/repository/org/eclipse/jetty/jetty-alpn-client/12.0.6/jetty-alpn-client-12.0.6.jar:/Users/vaaquino/.m2/repository/org/eclipse/jetty/ee10/websocket/jetty-ee10-websocket-jakarta-common/12.0.6/jetty-ee10-websocket-jakarta-common-12.0.6.jar:/Users/vaaquino/.m2/repository/org/eclipse/jetty/websocket/jetty-websocket-core-client/12.0.6/jetty-websocket-core-client-12.0.6.jar:/Users/vaaquino/.m2/repository/org/eclipse/jetty/ee10/websocket/jetty-ee10-websocket-servlet/12.0.6/jetty-ee10-websocket-servlet-12.0.6.jar:/Users/vaaquino/.m2/repository/org/eclipse/jetty/websocket/jetty-websocket-core-server/12.0.6/jetty-websocket-core-server-12.0.6.jar:/Users/vaaquino/.m2/repository/org/eclipse/jetty/ee10/websocket/jetty-ee10-websocket-jetty-server/12.0.6/jetty-ee10-websocket-jetty-server-12.0.6.jar:/Users/vaaquino/.m2/repository/org/eclipse/jetty/websocket/jetty-websocket-jetty-api/12.0.6/jetty-websocket-jetty-api-12.0.6.jar:/Users/vaaquino/.m2/repository/org/eclipse/jetty/websocket/jetty-websocket-jetty-common/12.0.6/jetty-websocket-jetty-common-12.0.6.jar:/Users/vaaquino/.m2/repository/org/eclipse/jetty/websocket/jetty-websocket-core-common/12.0.6/jetty-websocket-core-common-12.0.6.jar:/Users/vaaquino/.m2/repository/com/fasterxml/jackson/module/jackson-module-blackbird/2.15.4/jackson-module-blackbird-2.15.4.jar:/Users/vaaquino/.m2/repository/javax/xml/bind/jaxb-api/2.3.1/jaxb-api-2.3.1.jar:/Users/vaaquino/.m2/repository/javax/activation/javax.activation-api/1.2.0/javax.activation-api-1.2.0.jar:/Users/vaaquino/.m2/repository/org/springdoc/springdoc-openapi-starter-webmvc-ui/2.1.0/springdoc-openapi-starter-webmvc-ui-2.1.0.jar:/Users/vaaquino/.m2/repository/org/springdoc/springdoc-openapi-starter-webmvc-api/2.1.0/springdoc-openapi-starter-webmvc-api-2.1.0.jar:/Users/vaaquino/.m2/repository/org/springdoc/springdoc-openapi-starter-common/2.1.0/springdoc-openapi-starter-common-2.1.0.jar:/Users/vaaquino/.m2/repository/io/swagger/core/v3/swagger-core-jakarta/2.2.9/swagger-core-jakarta-2.2.9.jar:/Users/vaaquino/.m2/repository/io/swagger/core/v3/swagger-annotations-jakarta/2.2.9/swagger-annotations-jakarta-2.2.9.jar:/Users/vaaquino/.m2/repository/io/swagger/core/v3/swagger-models-jakarta/2.2.9/swagger-models-jakarta-2.2.9.jar:/Users/vaaquino/.m2/repository/com/fasterxml/jackson/dataformat/jackson-dataformat-yaml/2.15.4/jackson-dataformat-yaml-2.15.4.jar:/Users/vaaquino/.m2/repository/org/webjars/swagger-ui/4.18.2/swagger-ui-4.18.2.jar:/Users/vaaquino/.m2/repository/com/newrelic/agent/java/newrelic-api/7.9.0/newrelic-api-7.9.0.jar:/Users/vaaquino/.m2/repository/commons-io/commons-io/2.11.0/commons-io-2.11.0.jar:/Users/vaaquino/.m2/repository/uk/org/webcompere/system-stubs-jupiter/2.0.1/system-stubs-jupiter-2.0.1.jar:/Users/vaaquino/.m2/repository/uk/org/webcompere/system-stubs-core/2.0.1/system-stubs-core-2.0.1.jar:/Users/vaaquino/.m2/repository/org/mockito/mockito-inline/3.12.4/mockito-inline-3.12.4.jar:/Users/vaaquino/.m2/repository/org/springframework/boot/spring-boot-starter-test/3.2.3/spring-boot-starter-test-3.2.3.jar:/Users/vaaquino/.m2/repository/org/springframework/boot/spring-boot-test/3.2.3/spring-boot-test-3.2.3.jar:/Users/vaaquino/.m2/repository/org/springframework/boot/spring-boot-test-autoconfigure/3.2.3/spring-boot-test-autoconfigure-3.2.3.jar:/Users/vaaquino/.m2/repository/com/jayway/jsonpath/json-path/2.9.0/json-path-2.9.0.jar:/Users/vaaquino/.m2/repository/jakarta/xml/bind/jakarta.xml.bind-api/4.0.1/jakarta.xml.bind-api-4.0.1.jar:/Users/vaaquino/.m2/repository/jakarta/activation/jakarta.activation-api/2.1.2/jakarta.activation-api-2.1.2.jar:/Users/vaaquino/.m2/repository/net/minidev/json-smart/2.5.0/json-smart-2.5.0.jar:/Users/vaaquino/.m2/repository/net/minidev/accessors-smart/2.5.0/accessors-smart-2.5.0.jar:/Users/vaaquino/.m2/repository/org/assertj/assertj-core/3.24.2/assertj-core-3.24.2.jar:/Users/vaaquino/.m2/repository/org/awaitility/awaitility/4.2.0/awaitility-4.2.0.jar:/Users/vaaquino/.m2/repository/org/hamcrest/hamcrest/2.2/hamcrest-2.2.jar:/Users/vaaquino/.m2/repository/org/junit/jupiter/junit-jupiter/5.10.2/junit-jupiter-5.10.2.jar:/Users/vaaquino/.m2/repository/org/junit/jupiter/junit-jupiter-api/5.10.2/junit-jupiter-api-5.10.2.jar:/Users/vaaquino/.m2/repository/org/opentest4j/opentest4j/1.3.0/opentest4j-1.3.0.jar:/Users/vaaquino/.m2/repository/org/junit/platform/junit-platform-commons/1.10.2/junit-platform-commons-1.10.2.jar:/Users/vaaquino/.m2/repository/org/apiguardian/apiguardian-api/1.1.2/apiguardian-api-1.1.2.jar:/Users/vaaquino/.m2/repository/org/junit/jupiter/junit-jupiter-params/5.10.2/junit-jupiter-params-5.10.2.jar:/Users/vaaquino/.m2/repository/org/junit/jupiter/junit-jupiter-engine/5.10.2/junit-jupiter-engine-5.10.2.jar:/Users/vaaquino/.m2/repository/org/junit/platform/junit-platform-engine/1.10.2/junit-platform-engine-1.10.2.jar:/Users/vaaquino/.m2/repository/org/mockito/mockito-core/5.7.0/mockito-core-5.7.0.jar:/Users/vaaquino/.m2/repository/net/bytebuddy/byte-buddy-agent/1.14.12/byte-buddy-agent-1.14.12.jar:/Users/vaaquino/.m2/repository/org/objenesis/objenesis/3.3/objenesis-3.3.jar:/Users/vaaquino/.m2/repository/org/mockito/mockito-junit-jupiter/5.7.0/mockito-junit-jupiter-5.7.0.jar:/Users/vaaquino/.m2/repository/org/skyscreamer/jsonassert/1.5.1/jsonassert-1.5.1.jar:/Users/vaaquino/.m2/repository/com/vaadin/external/google/android-json/0.0.20131108.vaadin1/android-json-0.0.20131108.vaadin1.jar:/Users/vaaquino/.m2/repository/org/springframework/spring-core/6.1.4/spring-core-6.1.4.jar:/Users/vaaquino/.m2/repository/org/springframework/spring-jcl/6.1.4/spring-jcl-6.1.4.jar:/Users/vaaquino/.m2/repository/org/springframework/spring-test/6.1.4/spring-test-6.1.4.jar:/Users/vaaquino/.m2/repository/org/xmlunit/xmlunit-core/2.9.1/xmlunit-core-2.9.1.jar:/Users/vaaquino/.m2/repository/com/mercadolibre/restclient/restclient-core/2.0.1/restclient-core-2.0.1.jar:/Users/vaaquino/.m2/repository/com/mercadolibre/restclient/restclient-http/2.0.1/restclient-http-2.0.1.jar:/Users/vaaquino/.m2/repository/com/google/guava/guava/32.0.1-jre/guava-32.0.1-jre.jar:/Users/vaaquino/.m2/repository/com/google/guava/failureaccess/1.0.1/failureaccess-1.0.1.jar:/Users/vaaquino/.m2/repository/com/google/guava/listenablefuture/9999.0-empty-to-avoid-conflict-with-guava/listenablefuture-9999.0-empty-to-avoid-conflict-with-guava.jar:/Users/vaaquino/.m2/repository/com/google/errorprone/error_prone_annotations/2.18.0/error_prone_annotations-2.18.0.jar:/Users/vaaquino/.m2/repository/com/google/j2objc/j2objc-annotations/2.8/j2objc-annotations-2.8.jar:/Users/vaaquino/.m2/repository/com/mercadolibre/resilience/resilience-core/3.0.2/resilience-core-3.0.2.jar:/Users/vaaquino/.m2/repository/com/mercadolibre/common/client-common/0.0.2/client-common-0.0.2.jar:/Users/vaaquino/.m2/repository/io/opentelemetry/opentelemetry-api/1.31.0/opentelemetry-api-1.31.0.jar:/Users/vaaquino/.m2/repository/io/opentelemetry/opentelemetry-context/1.31.0/opentelemetry-context-1.31.0.jar:/Users/vaaquino/.m2/repository/io/opentelemetry/opentelemetry-semconv/1.19.0-alpha/opentelemetry-semconv-1.19.0-alpha.jar:/Users/vaaquino/.m2/repository/com/mercadolibre/restclient/restclient-core/2.0.1/restclient-core-2.0.1-tests.jar:/Users/vaaquino/.m2/repository/org/springframework/boot/spring-boot-starter-validation/3.2.3/spring-boot-starter-validation-3.2.3.jar:/Users/vaaquino/.m2/repository/org/hibernate/validator/hibernate-validator/8.0.1.Final/hibernate-validator-8.0.1.Final.jar:/Users/vaaquino/.m2/repository/jakarta/validation/jakarta.validation-api/3.0.2/jakarta.validation-api-3.0.2.jar:/Users/vaaquino/.m2/repository/org/apache/maven/surefire/surefire-junit-platform/3.2.5/surefire-junit-platform-3.2.5.jar:/Users/vaaquino/.m2/repository/org/apache/maven/surefire/common-java5/3.2.5/common-java5-3.2.5.jar:/Users/vaaquino/.m2/repository/org/junit/platform/junit-platform-launcher/1.10.2/junit-platform-launcher-1.10.2.jar"/>
    <property name="java.vm.vendor" value="Oracle Corporation"/>
    <property name="sun.arch.data.model" value="64"/>
    <property name="java.vendor.url" value="https://java.oracle.com/"/>
    <property name="user.timezone" value="America/Argentina/Buenos_Aires"/>
    <property name="os.name" value="Mac OS X"/>
    <property name="java.vm.specification.version" value="17"/>
    <property name="sun.java.launcher" value="SUN_STANDARD"/>
    <property name="user.country" value="AR"/>
    <property name="sun.boot.library.path" value="/Library/Java/JavaVirtualMachines/jdk-17.jdk/Contents/Home/lib"/>
    <property name="sun.java.command" value="org.apache.maven.surefire.booter.ForkedBooter /Users/vaaquino/Documents/Code/fury/project-be-java-hisp-w26-team4/target/surefire 2024-06-18T12-41-40_384-jvmRun1 surefire-20240618124140432_1tmp surefire_0-20240618124140432_2tmp"/>
    <property name="jdk.debug" value="release"/>
    <property name="surefire.test.class.path" value="/Users/vaaquino/Documents/Code/fury/project-be-java-hisp-w26-team4/target/test-classes:/Users/vaaquino/Documents/Code/fury/project-be-java-hisp-w26-team4/target/classes:/Users/vaaquino/.m2/repository/com/mercadolibre/metrics/metrics-core/1.0.1/metrics-core-1.0.1.jar:/Users/vaaquino/.m2/repository/org/apache/commons/commons-lang3/3.13.0/commons-lang3-3.13.0.jar:/Users/vaaquino/.m2/repository/com/mercadolibre/metrics/datadog-metric-wrapper/1.0.1/datadog-metric-wrapper-1.0.1.jar:/Users/vaaquino/.m2/repository/fury/java/metric_collector/0.3.1/metric_collector-0.3.1.jar:/Users/vaaquino/.m2/repository/com/datadoghq/java-dogstatsd-client/2.13.0/java-dogstatsd-client-2.13.0.jar:/Users/vaaquino/.m2/repository/javadog/javadog/0.1.3/javadog-0.1.3.jar:/Users/vaaquino/.m2/repository/com/github/jnr/jnr-unixsocket/0.38.21/jnr-unixsocket-0.38.21.jar:/Users/vaaquino/.m2/repository/com/github/jnr/jnr-ffi/2.2.15/jnr-ffi-2.2.15.jar:/Users/vaaquino/.m2/repository/com/github/jnr/jffi/1.3.12/jffi-1.3.12.jar:/Users/vaaquino/.m2/repository/com/github/jnr/jffi/1.3.12/jffi-1.3.12-native.jar:/Users/vaaquino/.m2/repository/org/ow2/asm/asm/9.6/asm-9.6.jar:/Users/vaaquino/.m2/repository/org/ow2/asm/asm-commons/9.6/asm-commons-9.6.jar:/Users/vaaquino/.m2/repository/org/ow2/asm/asm-analysis/9.6/asm-analysis-9.6.jar:/Users/vaaquino/.m2/repository/org/ow2/asm/asm-tree/9.6/asm-tree-9.6.jar:/Users/vaaquino/.m2/repository/org/ow2/asm/asm-util/9.6/asm-util-9.6.jar:/Users/vaaquino/.m2/repository/com/github/jnr/jnr-a64asm/1.0.0/jnr-a64asm-1.0.0.jar:/Users/vaaquino/.m2/repository/com/github/jnr/jnr-x86asm/1.0.2/jnr-x86asm-1.0.2.jar:/Users/vaaquino/.m2/repository/com/github/jnr/jnr-constants/0.10.4/jnr-constants-0.10.4.jar:/Users/vaaquino/.m2/repository/com/github/jnr/jnr-enxio/0.32.16/jnr-enxio-0.32.16.jar:/Users/vaaquino/.m2/repository/com/github/jnr/jnr-posix/3.1.18/jnr-posix-3.1.18.jar:/Users/vaaquino/.m2/repository/com/mercadolibre/threading/1.0.0/threading-1.0.0.jar:/Users/vaaquino/.m2/repository/com/mercadolibre/routing/3.0.0/routing-3.0.0.jar:/Users/vaaquino/.m2/repository/com/mercadolibre/restclient/meli-restclient-context/2.0.0/meli-restclient-context-2.0.0.jar:/Users/vaaquino/.m2/repository/com/mercadolibre/json_jackson/json-jackson/2.0.0/json-jackson-2.0.0.jar:/Users/vaaquino/.m2/repository/com/mercadolibre/json/json-core/2.0.0/json-core-2.0.0.jar:/Users/vaaquino/.m2/repository/com/fasterxml/jackson/core/jackson-databind/2.15.4/jackson-databind-2.15.4.jar:/Users/vaaquino/.m2/repository/com/fasterxml/jackson/module/jackson-module-afterburner/2.15.4/jackson-module-afterburner-2.15.4.jar:/Users/vaaquino/.m2/repository/commons-lang/commons-lang/2.6/commons-lang-2.6.jar:/Users/vaaquino/.m2/repository/org/slf4j/slf4j-api/2.0.12/slf4j-api-2.0.12.jar:/Users/vaaquino/.m2/repository/com/mysql/mysql-connector-j/8.0.32/mysql-connector-j-8.0.32.jar:/Users/vaaquino/.m2/repository/org/springframework/boot/spring-boot-starter-data-jpa/3.2.3/spring-boot-starter-data-jpa-3.2.3.jar:/Users/vaaquino/.m2/repository/org/springframework/boot/spring-boot-starter-aop/3.2.3/spring-boot-starter-aop-3.2.3.jar:/Users/vaaquino/.m2/repository/org/aspectj/aspectjweaver/1.9.21/aspectjweaver-1.9.21.jar:/Users/vaaquino/.m2/repository/org/springframework/boot/spring-boot-starter-jdbc/3.2.3/spring-boot-starter-jdbc-3.2.3.jar:/Users/vaaquino/.m2/repository/com/zaxxer/HikariCP/5.0.1/HikariCP-5.0.1.jar:/Users/vaaquino/.m2/repository/org/springframework/spring-jdbc/6.1.4/spring-jdbc-6.1.4.jar:/Users/vaaquino/.m2/repository/org/hibernate/orm/hibernate-core/6.4.4.Final/hibernate-core-6.4.4.Final.jar:/Users/vaaquino/.m2/repository/jakarta/persistence/jakarta.persistence-api/3.1.0/jakarta.persistence-api-3.1.0.jar:/Users/vaaquino/.m2/repository/jakarta/transaction/jakarta.transaction-api/2.0.1/jakarta.transaction-api-2.0.1.jar:/Users/vaaquino/.m2/repository/org/jboss/logging/jboss-logging/3.5.3.Final/jboss-logging-3.5.3.Final.jar:/Users/vaaquino/.m2/repository/org/hibernate/common/hibernate-commons-annotations/6.0.6.Final/hibernate-commons-annotations-6.0.6.Final.jar:/Users/vaaquino/.m2/repository/io/smallrye/jandex/3.1.2/jandex-3.1.2.jar:/Users/vaaquino/.m2/repository/com/fasterxml/classmate/1.6.0/classmate-1.6.0.jar:/Users/vaaquino/.m2/repository/net/bytebuddy/byte-buddy/1.14.12/byte-buddy-1.14.12.jar:/Users/vaaquino/.m2/repository/org/glassfish/jaxb/jaxb-runtime/4.0.4/jaxb-runtime-4.0.4.jar:/Users/vaaquino/.m2/repository/org/glassfish/jaxb/jaxb-core/4.0.4/jaxb-core-4.0.4.jar:/Users/vaaquino/.m2/repository/org/eclipse/angus/angus-activation/2.0.1/angus-activation-2.0.1.jar:/Users/vaaquino/.m2/repository/org/glassfish/jaxb/txw2/4.0.4/txw2-4.0.4.jar:/Users/vaaquino/.m2/repository/com/sun/istack/istack-commons-runtime/4.1.2/istack-commons-runtime-4.1.2.jar:/Users/vaaquino/.m2/repository/jakarta/inject/jakarta.inject-api/2.0.1/jakarta.inject-api-2.0.1.jar:/Users/vaaquino/.m2/repository/org/antlr/antlr4-runtime/4.13.0/antlr4-runtime-4.13.0.jar:/Users/vaaquino/.m2/repository/org/springframework/data/spring-data-jpa/3.2.3/spring-data-jpa-3.2.3.jar:/Users/vaaquino/.m2/repository/org/springframework/data/spring-data-commons/3.2.3/spring-data-commons-3.2.3.jar:/Users/vaaquino/.m2/repository/org/springframework/spring-orm/6.1.4/spring-orm-6.1.4.jar:/Users/vaaquino/.m2/repository/org/springframework/spring-context/6.1.4/spring-context-6.1.4.jar:/Users/vaaquino/.m2/repository/org/springframework/spring-tx/6.1.4/spring-tx-6.1.4.jar:/Users/vaaquino/.m2/repository/org/springframework/spring-beans/6.1.4/spring-beans-6.1.4.jar:/Users/vaaquino/.m2/repository/jakarta/annotation/jakarta.annotation-api/2.1.1/jakarta.annotation-api-2.1.1.jar:/Users/vaaquino/.m2/repository/org/springframework/spring-aspects/6.1.4/spring-aspects-6.1.4.jar:/Users/vaaquino/.m2/repository/com/h2database/h2/2.2.224/h2-2.2.224.jar:/Users/vaaquino/.m2/repository/org/projectlombok/lombok/1.18.30/lombok-1.18.30.jar:/Users/vaaquino/.m2/repository/com/fasterxml/jackson/datatype/jackson-datatype-jsr310/2.15.4/jackson-datatype-jsr310-2.15.4.jar:/Users/vaaquino/.m2/repository/com/fasterxml/jackson/core/jackson-annotations/2.15.4/jackson-annotations-2.15.4.jar:/Users/vaaquino/.m2/repository/com/fasterxml/jackson/core/jackson-core/2.15.4/jackson-core-2.15.4.jar:/Users/vaaquino/.m2/repository/org/springframework/boot/spring-boot-starter-security/3.2.3/spring-boot-starter-security-3.2.3.jar:/Users/vaaquino/.m2/repository/org/springframework/boot/spring-boot-starter/3.2.3/spring-boot-starter-3.2.3.jar:/Users/vaaquino/.m2/repository/org/springframework/boot/spring-boot/3.2.3/spring-boot-3.2.3.jar:/Users/vaaquino/.m2/repository/org/springframework/boot/spring-boot-autoconfigure/3.2.3/spring-boot-autoconfigure-3.2.3.jar:/Users/vaaquino/.m2/repository/org/springframework/boot/spring-boot-starter-logging/3.2.3/spring-boot-starter-logging-3.2.3.jar:/Users/vaaquino/.m2/repository/ch/qos/logback/logback-classic/1.4.14/logback-classic-1.4.14.jar:/Users/vaaquino/.m2/repository/ch/qos/logback/logback-core/1.4.14/logback-core-1.4.14.jar:/Users/vaaquino/.m2/repository/org/apache/logging/log4j/log4j-to-slf4j/2.21.1/log4j-to-slf4j-2.21.1.jar:/Users/vaaquino/.m2/repository/org/apache/logging/log4j/log4j-api/2.21.1/log4j-api-2.21.1.jar:/Users/vaaquino/.m2/repository/org/slf4j/jul-to-slf4j/2.0.12/jul-to-slf4j-2.0.12.jar:/Users/vaaquino/.m2/repository/org/yaml/snakeyaml/2.2/snakeyaml-2.2.jar:/Users/vaaquino/.m2/repository/org/springframework/spring-aop/6.1.4/spring-aop-6.1.4.jar:/Users/vaaquino/.m2/repository/org/springframework/security/spring-security-config/6.2.2/spring-security-config-6.2.2.jar:/Users/vaaquino/.m2/repository/org/springframework/security/spring-security-core/6.2.2/spring-security-core-6.2.2.jar:/Users/vaaquino/.m2/repository/org/springframework/security/spring-security-crypto/6.2.2/spring-security-crypto-6.2.2.jar:/Users/vaaquino/.m2/repository/org/springframework/security/spring-security-web/6.2.2/spring-security-web-6.2.2.jar:/Users/vaaquino/.m2/repository/org/springframework/spring-expression/6.1.4/spring-expression-6.1.4.jar:/Users/vaaquino/.m2/repository/io/jsonwebtoken/jjwt-api/0.11.5/jjwt-api-0.11.5.jar:/Users/vaaquino/.m2/repository/io/jsonwebtoken/jjwt-impl/0.11.5/jjwt-impl-0.11.5.jar:/Users/vaaquino/.m2/repository/io/jsonwebtoken/jjwt-jackson/0.11.5/jjwt-jackson-0.11.5.jar:/Users/vaaquino/.m2/repository/org/springframework/boot/spring-boot-starter-web/3.2.3/spring-boot-starter-web-3.2.3.jar:/Users/vaaquino/.m2/repository/org/springframework/boot/spring-boot-starter-json/3.2.3/spring-boot-starter-json-3.2.3.jar:/Users/vaaquino/.m2/repository/com/fasterxml/jackson/datatype/jackson-datatype-jdk8/2.15.4/jackson-datatype-jdk8-2.15.4.jar:/Users/vaaquino/.m2/repository/com/fasterxml/jackson/module/jackson-module-parameter-names/2.15.4/jackson-module-parameter-names-2.15.4.jar:/Users/vaaquino/.m2/repository/org/springframework/spring-web/6.1.4/spring-web-6.1.4.jar:/Users/vaaquino/.m2/repository/io/micrometer/micrometer-observation/1.12.3/micrometer-observation-1.12.3.jar:/Users/vaaquino/.m2/repository/io/micrometer/micrometer-commons/1.12.3/micrometer-commons-1.12.3.jar:/Users/vaaquino/.m2/repository/org/springframework/spring-webmvc/6.1.4/spring-webmvc-6.1.4.jar:/Users/vaaquino/.m2/repository/org/springframework/boot/spring-boot-starter-jetty/3.2.3/spring-boot-starter-jetty-3.2.3.jar:/Users/vaaquino/.m2/repository/jakarta/servlet/jakarta.servlet-api/6.0.0/jakarta.servlet-api-6.0.0.jar:/Users/vaaquino/.m2/repository/jakarta/websocket/jakarta.websocket-api/2.1.1/jakarta.websocket-api-2.1.1.jar:/Users/vaaquino/.m2/repository/jakarta/websocket/jakarta.websocket-client-api/2.1.1/jakarta.websocket-client-api-2.1.1.jar:/Users/vaaquino/.m2/repository/org/apache/tomcat/embed/tomcat-embed-el/10.1.19/tomcat-embed-el-10.1.19.jar:/Users/vaaquino/.m2/repository/org/eclipse/jetty/ee10/jetty-ee10-servlets/12.0.6/jetty-ee10-servlets-12.0.6.jar:/Users/vaaquino/.m2/repository/org/eclipse/jetty/jetty-http/12.0.6/jetty-http-12.0.6.jar:/Users/vaaquino/.m2/repository/org/eclipse/jetty/jetty-io/12.0.6/jetty-io-12.0.6.jar:/Users/vaaquino/.m2/repository/org/eclipse/jetty/jetty-util/12.0.6/jetty-util-12.0.6.jar:/Users/vaaquino/.m2/repository/org/eclipse/jetty/ee10/jetty-ee10-webapp/12.0.6/jetty-ee10-webapp-12.0.6.jar:/Users/vaaquino/.m2/repository/org/eclipse/jetty/jetty-session/12.0.6/jetty-session-12.0.6.jar:/Users/vaaquino/.m2/repository/org/eclipse/jetty/jetty-server/12.0.6/jetty-server-12.0.6.jar:/Users/vaaquino/.m2/repository/org/eclipse/jetty/jetty-xml/12.0.6/jetty-xml-12.0.6.jar:/Users/vaaquino/.m2/repository/org/eclipse/jetty/ee10/jetty-ee10-servlet/12.0.6/jetty-ee10-servlet-12.0.6.jar:/Users/vaaquino/.m2/repository/org/eclipse/jetty/jetty-security/12.0.6/jetty-security-12.0.6.jar:/Users/vaaquino/.m2/repository/org/eclipse/jetty/ee10/websocket/jetty-ee10-websocket-jakarta-server/12.0.6/jetty-ee10-websocket-jakarta-server-12.0.6.jar:/Users/vaaquino/.m2/repository/org/eclipse/jetty/ee10/jetty-ee10-annotations/12.0.6/jetty-ee10-annotations-12.0.6.jar:/Users/vaaquino/.m2/repository/org/eclipse/jetty/ee10/jetty-ee10-plus/12.0.6/jetty-ee10-plus-12.0.6.jar:/Users/vaaquino/.m2/repository/org/eclipse/jetty/jetty-jndi/12.0.6/jetty-jndi-12.0.6.jar:/Users/vaaquino/.m2/repository/org/eclipse/jetty/jetty-plus/12.0.6/jetty-plus-12.0.6.jar:/Users/vaaquino/.m2/repository/org/eclipse/jetty/ee10/websocket/jetty-ee10-websocket-jakarta-client/12.0.6/jetty-ee10-websocket-jakarta-client-12.0.6.jar:/Users/vaaquino/.m2/repository/org/eclipse/jetty/jetty-client/12.0.6/jetty-client-12.0.6.jar:/Users/vaaquino/.m2/repository/org/eclipse/jetty/jetty-alpn-client/12.0.6/jetty-alpn-client-12.0.6.jar:/Users/vaaquino/.m2/repository/org/eclipse/jetty/ee10/websocket/jetty-ee10-websocket-jakarta-common/12.0.6/jetty-ee10-websocket-jakarta-common-12.0.6.jar:/Users/vaaquino/.m2/repository/org/eclipse/jetty/websocket/jetty-websocket-core-client/12.0.6/jetty-websocket-core-client-12.0.6.jar:/Users/vaaquino/.m2/repository/org/eclipse/jetty/ee10/websocket/jetty-ee10-websocket-servlet/12.0.6/jetty-ee10-websocket-servlet-12.0.6.jar:/Users/vaaquino/.m2/repository/org/eclipse/jetty/websocket/jetty-websocket-core-server/12.0.6/jetty-websocket-core-server-12.0.6.jar:/Users/vaaquino/.m2/repository/org/eclipse/jetty/ee10/websocket/jetty-ee10-websocket-jetty-server/12.0.6/jetty-ee10-websocket-jetty-server-12.0.6.jar:/Users/vaaquino/.m2/repository/org/eclipse/jetty/websocket/jetty-websocket-jetty-api/12.0.6/jetty-websocket-jetty-api-12.0.6.jar:/Users/vaaquino/.m2/repository/org/eclipse/jetty/websocket/jetty-websocket-jetty-common/12.0.6/jetty-websocket-jetty-common-12.0.6.jar:/Users/vaaquino/.m2/repository/org/eclipse/jetty/websocket/jetty-websocket-core-common/12.0.6/jetty-websocket-core-common-12.0.6.jar:/Users/vaaquino/.m2/repository/com/fasterxml/jackson/module/jackson-module-blackbird/2.15.4/jackson-module-blackbird-2.15.4.jar:/Users/vaaquino/.m2/repository/javax/xml/bind/jaxb-api/2.3.1/jaxb-api-2.3.1.jar:/Users/vaaquino/.m2/repository/javax/activation/javax.activation-api/1.2.0/javax.activation-api-1.2.0.jar:/Users/vaaquino/.m2/repository/org/springdoc/springdoc-openapi-starter-webmvc-ui/2.1.0/springdoc-openapi-starter-webmvc-ui-2.1.0.jar:/Users/vaaquino/.m2/repository/org/springdoc/springdoc-openapi-starter-webmvc-api/2.1.0/springdoc-openapi-starter-webmvc-api-2.1.0.jar:/Users/vaaquino/.m2/repository/org/springdoc/springdoc-openapi-starter-common/2.1.0/springdoc-openapi-starter-common-2.1.0.jar:/Users/vaaquino/.m2/repository/io/swagger/core/v3/swagger-core-jakarta/2.2.9/swagger-core-jakarta-2.2.9.jar:/Users/vaaquino/.m2/repository/io/swagger/core/v3/swagger-annotations-jakarta/2.2.9/swagger-annotations-jakarta-2.2.9.jar:/Users/vaaquino/.m2/repository/io/swagger/core/v3/swagger-models-jakarta/2.2.9/swagger-models-jakarta-2.2.9.jar:/Users/vaaquino/.m2/repository/com/fasterxml/jackson/dataformat/jackson-dataformat-yaml/2.15.4/jackson-dataformat-yaml-2.15.4.jar:/Users/vaaquino/.m2/repository/org/webjars/swagger-ui/4.18.2/swagger-ui-4.18.2.jar:/Users/vaaquino/.m2/repository/com/newrelic/agent/java/newrelic-api/7.9.0/newrelic-api-7.9.0.jar:/Users/vaaquino/.m2/repository/commons-io/commons-io/2.11.0/commons-io-2.11.0.jar:/Users/vaaquino/.m2/repository/uk/org/webcompere/system-stubs-jupiter/2.0.1/system-stubs-jupiter-2.0.1.jar:/Users/vaaquino/.m2/repository/uk/org/webcompere/system-stubs-core/2.0.1/system-stubs-core-2.0.1.jar:/Users/vaaquino/.m2/repository/org/mockito/mockito-inline/3.12.4/mockito-inline-3.12.4.jar:/Users/vaaquino/.m2/repository/org/springframework/boot/spring-boot-starter-test/3.2.3/spring-boot-starter-test-3.2.3.jar:/Users/vaaquino/.m2/repository/org/springframework/boot/spring-boot-test/3.2.3/spring-boot-test-3.2.3.jar:/Users/vaaquino/.m2/repository/org/springframework/boot/spring-boot-test-autoconfigure/3.2.3/spring-boot-test-autoconfigure-3.2.3.jar:/Users/vaaquino/.m2/repository/com/jayway/jsonpath/json-path/2.9.0/json-path-2.9.0.jar:/Users/vaaquino/.m2/repository/jakarta/xml/bind/jakarta.xml.bind-api/4.0.1/jakarta.xml.bind-api-4.0.1.jar:/Users/vaaquino/.m2/repository/jakarta/activation/jakarta.activation-api/2.1.2/jakarta.activation-api-2.1.2.jar:/Users/vaaquino/.m2/repository/net/minidev/json-smart/2.5.0/json-smart-2.5.0.jar:/Users/vaaquino/.m2/repository/net/minidev/accessors-smart/2.5.0/accessors-smart-2.5.0.jar:/Users/vaaquino/.m2/repository/org/assertj/assertj-core/3.24.2/assertj-core-3.24.2.jar:/Users/vaaquino/.m2/repository/org/awaitility/awaitility/4.2.0/awaitility-4.2.0.jar:/Users/vaaquino/.m2/repository/org/hamcrest/hamcrest/2.2/hamcrest-2.2.jar:/Users/vaaquino/.m2/repository/org/junit/jupiter/junit-jupiter/5.10.2/junit-jupiter-5.10.2.jar:/Users/vaaquino/.m2/repository/org/junit/jupiter/junit-jupiter-api/5.10.2/junit-jupiter-api-5.10.2.jar:/Users/vaaquino/.m2/repository/org/opentest4j/opentest4j/1.3.0/opentest4j-1.3.0.jar:/Users/vaaquino/.m2/repository/org/junit/platform/junit-platform-commons/1.10.2/junit-platform-commons-1.10.2.jar:/Users/vaaquino/.m2/repository/org/apiguardian/apiguardian-api/1.1.2/apiguardian-api-1.1.2.jar:/Users/vaaquino/.m2/repository/org/junit/jupiter/junit-jupiter-params/5.10.2/junit-jupiter-params-5.10.2.jar:/Users/vaaquino/.m2/repository/org/junit/jupiter/junit-jupiter-engine/5.10.2/junit-jupiter-engine-5.10.2.jar:/Users/vaaquino/.m2/repository/org/junit/platform/junit-platform-engine/1.10.2/junit-platform-engine-1.10.2.jar:/Users/vaaquino/.m2/repository/org/mockito/mockito-core/5.7.0/mockito-core-5.7.0.jar:/Users/vaaquino/.m2/repository/net/bytebuddy/byte-buddy-agent/1.14.12/byte-buddy-agent-1.14.12.jar:/Users/vaaquino/.m2/repository/org/objenesis/objenesis/3.3/objenesis-3.3.jar:/Users/vaaquino/.m2/repository/org/mockito/mockito-junit-jupiter/5.7.0/mockito-junit-jupiter-5.7.0.jar:/Users/vaaquino/.m2/repository/org/skyscreamer/jsonassert/1.5.1/jsonassert-1.5.1.jar:/Users/vaaquino/.m2/repository/com/vaadin/external/google/android-json/0.0.20131108.vaadin1/android-json-0.0.20131108.vaadin1.jar:/Users/vaaquino/.m2/repository/org/springframework/spring-core/6.1.4/spring-core-6.1.4.jar:/Users/vaaquino/.m2/repository/org/springframework/spring-jcl/6.1.4/spring-jcl-6.1.4.jar:/Users/vaaquino/.m2/repository/org/springframework/spring-test/6.1.4/spring-test-6.1.4.jar:/Users/vaaquino/.m2/repository/org/xmlunit/xmlunit-core/2.9.1/xmlunit-core-2.9.1.jar:/Users/vaaquino/.m2/repository/com/mercadolibre/restclient/restclient-core/2.0.1/restclient-core-2.0.1.jar:/Users/vaaquino/.m2/repository/com/mercadolibre/restclient/restclient-http/2.0.1/restclient-http-2.0.1.jar:/Users/vaaquino/.m2/repository/com/google/guava/guava/32.0.1-jre/guava-32.0.1-jre.jar:/Users/vaaquino/.m2/repository/com/google/guava/failureaccess/1.0.1/failureaccess-1.0.1.jar:/Users/vaaquino/.m2/repository/com/google/guava/listenablefuture/9999.0-empty-to-avoid-conflict-with-guava/listenablefuture-9999.0-empty-to-avoid-conflict-with-guava.jar:/Users/vaaquino/.m2/repository/com/google/errorprone/error_prone_annotations/2.18.0/error_prone_annotations-2.18.0.jar:/Users/vaaquino/.m2/repository/com/google/j2objc/j2objc-annotations/2.8/j2objc-annotations-2.8.jar:/Users/vaaquino/.m2/repository/com/mercadolibre/resilience/resilience-core/3.0.2/resilience-core-3.0.2.jar:/Users/vaaquino/.m2/repository/com/mercadolibre/common/client-common/0.0.2/client-common-0.0.2.jar:/Users/vaaquino/.m2/repository/io/opentelemetry/opentelemetry-api/1.31.0/opentelemetry-api-1.31.0.jar:/Users/vaaquino/.m2/repository/io/opentelemetry/opentelemetry-context/1.31.0/opentelemetry-context-1.31.0.jar:/Users/vaaquino/.m2/repository/io/opentelemetry/opentelemetry-semconv/1.19.0-alpha/opentelemetry-semconv-1.19.0-alpha.jar:/Users/vaaquino/.m2/repository/com/mercadolibre/restclient/restclient-core/2.0.1/restclient-core-2.0.1-tests.jar:/Users/vaaquino/.m2/repository/org/springframework/boot/spring-boot-starter-validation/3.2.3/spring-boot-starter-validation-3.2.3.jar:/Users/vaaquino/.m2/repository/org/hibernate/validator/hibernate-validator/8.0.1.Final/hibernate-validator-8.0.1.Final.jar:/Users/vaaquino/.m2/repository/jakarta/validation/jakarta.validation-api/3.0.2/jakarta.validation-api-3.0.2.jar:"/>
    <property name="sun.cpu.endian" value="little"/>
    <property name="user.home" value="/Users/vaaquino"/>
    <property name="user.language" value="es"/>
    <property name="java.specification.vendor" value="Oracle Corporation"/>
    <property name="java.version.date" value="2024-01-16"/>
    <property name="java.home" value="/Library/Java/JavaVirtualMachines/jdk-17.jdk/Contents/Home"/>
    <property name="SCOPE_SUFFIX" value="local"/>
    <property name="file.separator" value="/"/>
    <property name="basedir" value="/Users/vaaquino/Documents/Code/fury/project-be-java-hisp-w26-team4"/>
    <property name="java.vm.compressedOopsMode" value="Zero based"/>
    <property name="line.separator" value="&#10;"/>
    <property name="java.vm.specification.vendor" value="Oracle Corporation"/>
    <property name="java.specification.name" value="Java Platform API Specification"/>
    <property name="sun.management.compiler" value="HotSpot 64-Bit Tiered Compilers"/>
    <property name="java.runtime.version" value="17.0.10+11-LTS-240"/>
    <property name="user.name" value="vaaquino"/>
    <property name="path.separator" value=":"/>
    <property name="os.version" value="14.5"/>
    <property name="java.runtime.name" value="Java(TM) SE Runtime Environment"/>
    <property name="file.encoding" value="UTF-8"/>
    <property name="java.vm.name" value="Java HotSpot(TM) 64-Bit Server VM"/>
    <property name="localRepository" value="/Users/vaaquino/.m2/repository"/>
    <property name="java.vendor.url.bug" value="https://bugreport.java.com/bugreport/"/>
    <property name="java.io.tmpdir" value="/var/folders/4b/n603b4hx4t7fn5d8vr8g4ckwjfmr0d/T/"/>
    <property name="idea.version" value="2024.1.1"/>
    <property name="java.version" value="17.0.10"/>
    <property name="user.dir" value="/Users/vaaquino/Documents/Code/fury/project-be-java-hisp-w26-team4"/>
    <property name="os.arch" value="aarch64"/>
    <property name="java.vm.specification.name" value="Java Virtual Machine Specification"/>
    <property name="native.encoding" value="UTF-8"/>
    <property name="java.library.path" value="/Users/vaaquino/Library/Java/Extensions:/Library/Java/Extensions:/Network/Library/Java/Extensions:/System/Library/Java/Extensions:/usr/lib/java:."/>
    <property name="java.vm.info" value="mixed mode, sharing"/>
    <property name="java.vendor" value="Oracle Corporation"/>
    <property name="java.vm.version" value="17.0.10+11-LTS-240"/>
    <property name="sun.io.unicode.encoding" value="UnicodeBig"/>
    <property name="java.class.version" value="61.0"/>
  </properties>
  <testcase name="nonTestSuffix" classname="com.mercadolibre.project_be_java_hisp_w26_team4.unit.ScopeUtilsTest" time="0.685"/>
  <testcase name="testNonDefaultScope" classname="com.mercadolibre.project_be_java_hisp_w26_team4.unit.ScopeUtilsTest" time="0.002"/>
  <testcase name="testCalculateScopeSuffix" classname="com.mercadolibre.project_be_java_hisp_w26_team4.unit.ScopeUtilsTest" time="0.004"/>
  <testcase name="testDefaultScope" classname="com.mercadolibre.project_be_java_hisp_w26_team4.unit.ScopeUtilsTest" time="0.001"/>
  <testcase name="prodSuffix" classname="com.mercadolibre.project_be_java_hisp_w26_team4.unit.ScopeUtilsTest" time="0.001"/>
  <testcase name="testSuffix" classname="com.mercadolibre.project_be_java_hisp_w26_team4.unit.ScopeUtilsTest" time="0.001"/>
  <testcase name="nonProdSuffix" classname="com.mercadolibre.project_be_java_hisp_w26_team4.unit.ScopeUtilsTest" time="0.002"/>
</testsuite>